(2017-12-14 20:58:57 周四) Info:  MS: session_layer:rcv_lower_thread,msg_name: login, ss_id: 10000, ps_id: 1, proc_type: 1048576, msg_type: 1
(2017-12-14 20:58:57 周四) Info:  MS: session_layer:rcv_lower_thread,msg_name: dev_type_id_data, ss_id: 10000, ps_id: 1, proc_type: 257, msg_type: 2
(2017-12-14 21:00:02 周四) Info:  MS: session_layer:rcv_lower_thread,msg_name: dev_type_id_data, ss_id: 10000, ps_id: 1, proc_type: 257, msg_type: 2
(2017-12-14 21:00:21 周四) Info:  MS: session_layer:rcv_lower_thread,msg_name: dev_type_id_data, ss_id: 10000, ps_id: 1, proc_type: 257, msg_type: 2
(2017-12-14 21:00:24 周四) Info:  MS: session_layer:rcv_lower_thread,msg_name: dev_type_id_data, ss_id: 10000, ps_id: 1, proc_type: 257, msg_type: 2
(2017-12-14 21:00:31 周四) Info:  MS: session_layer:rcv_lower_thread,msg_name: UnionSimConfParam, ss_id: 10000, ps_id: 1, proc_type: 261, msg_type: 2
(2017-12-14 21:00:49 周四) Info:  MS: session_layer:rcv_lower_thread,msg_name: , ss_id: 10000, ps_id: 1, proc_type: 356, msg_type: 0
(2017-12-14 21:00:49 周四) Info:  MS: client_proxy:rcv_lower_thread,msg_name: , ss_id: 10000, ps_id: 1, proc_type: 356, msg_type: 0
(2017-12-14 21:01:33 周四) Info:  MS: session_layer:rcv_lower_thread,msg_name: start session, ss_id: 3, ps_id: 1, proc_type: 1048578, msg_type: 0
(2017-12-14 21:01:33 周四) Info:  MS: client_proxy:rcv_lower_thread,msg_name: start session, ss_id: 3, ps_id: 1, proc_type: 1048578, msg_type: 0
(2017-12-14 21:01:34 周四) Info:  MS: session_layer:rcv_lower_thread,msg_name: application request, ss_id: 3, ps_id: 1, proc_type: 65536, msg_type: 0
(2017-12-14 21:01:34 周四) Info:  MS: client_proxy:rcv_lower_thread,msg_name: application request, ss_id: 3, ps_id: 1, proc_type: 65536, msg_type: 0
(2017-12-14 21:01:34 周四) Info:  MS: session_layer:rcv_lower_thread,msg_name: application request, ss_id: 3, ps_id: 1, proc_type: 65536, msg_type: 0
(2017-12-14 21:01:34 周四) Info:  MS: client_proxy:rcv_lower_thread,msg_name: application request, ss_id: 3, ps_id: 1, proc_type: 65536, msg_type: 0
(2017-12-14 21:01:34 周四) Info:  MS: session_layer:rcv_lower_thread,msg_name: send data, ss_id: 3, ps_id: 1, proc_type: 65537, msg_type: 0
(2017-12-14 21:01:34 周四) Info:  MS: client_proxy:rcv_lower_thread,msg_name: send data, ss_id: 3, ps_id: 1, proc_type: 65537, msg_type: 0
(2017-12-14 21:01:34 周四) Info:  MS: session_layer:rcv_lower_thread,msg_name: invoke, ss_id: 3, ps_id: 1, proc_type: 65538, msg_type: 0
(2017-12-14 21:01:34 周四) Info:  MS: client_proxy:rcv_lower_thread,msg_name: invoke, ss_id: 3, ps_id: 1, proc_type: 65538, msg_type: 0
(2017-12-14 21:01:35 周四) Info:  MS: session_layer:rcv_lower_thread,msg_name: end session, ss_id: 3, ps_id: 1, proc_type: 1048579, msg_type: 0
(2017-12-14 21:01:35 周四) Info:  MS: client_proxy:rcv_lower_thread,msg_name: end session, ss_id: 3, ps_id: 1, proc_type: 1048579, msg_type: 0
(2017-12-14 21:14:36 周四) Info:  MS: session_layer:rcv_lower_thread,msg_name: login, ss_id: 10000, ps_id: 3, proc_type: 1048576, msg_type: 1
(2017-12-14 21:14:36 周四) Info:  MS: session_layer:rcv_lower_thread,msg_name: dev_type_id_data, ss_id: 10000, ps_id: 3, proc_type: 257, msg_type: 2
(2017-12-14 21:15:01 周四) Info:  MS: session_layer:rcv_lower_thread,msg_name: dev_type_id_data, ss_id: 10000, ps_id: 3, proc_type: 257, msg_type: 2
(2017-12-14 21:15:07 周四) Info:  MS: session_layer:rcv_lower_thread,msg_name: dev_type_id_data, ss_id: 10000, ps_id: 3, proc_type: 257, msg_type: 2
(2017-12-14 21:15:15 周四) Info:  MS: session_layer:rcv_lower_thread,msg_name: UnionSimConfParam, ss_id: 10000, ps_id: 3, proc_type: 261, msg_type: 2
(2017-12-14 21:15:57 周四) Info:  MS: session_layer:rcv_lower_thread,msg_name: , ss_id: 10000, ps_id: 3, proc_type: 356, msg_type: 0
(2017-12-14 21:15:57 周四) Info:  MS: client_proxy:rcv_lower_thread,msg_name: , ss_id: 10000, ps_id: 3, proc_type: 356, msg_type: 0
(2017-12-14 21:16:35 周四) Info:  MS: session_layer:rcv_lower_thread,msg_name: start session, ss_id: 4, ps_id: 3, proc_type: 1048578, msg_type: 0
(2017-12-14 21:16:35 周四) Info:  MS: client_proxy:rcv_lower_thread,msg_name: start session, ss_id: 4, ps_id: 3, proc_type: 1048578, msg_type: 0
(2017-12-14 21:16:35 周四) Info:  MS: session_layer:rcv_lower_thread,msg_name: start session, ss_id: 4, ps_id: 3, proc_type: 1048578, msg_type: 0
(2017-12-14 21:16:36 周四) Info:  MS: client_proxy:rcv_lower_thread,msg_name: start session, ss_id: 4, ps_id: 3, proc_type: 1048578, msg_type: 0
(2017-12-14 21:16:36 周四) Info:  MS: session_layer:rcv_lower_thread,msg_name: application request, ss_id: 4, ps_id: 3, proc_type: 65536, msg_type: 0
(2017-12-14 21:16:36 周四) Info:  MS: client_proxy:rcv_lower_thread,msg_name: application request, ss_id: 4, ps_id: 3, proc_type: 65536, msg_type: 0
(2017-12-14 21:16:36 周四) Info:  MS: session_layer:rcv_lower_thread,msg_name: send data, ss_id: 4, ps_id: 3, proc_type: 65537, msg_type: 0
(2017-12-14 21:16:36 周四) Info:  MS: client_proxy:rcv_lower_thread,msg_name: send data, ss_id: 4, ps_id: 3, proc_type: 65537, msg_type: 0
(2017-12-14 21:16:36 周四) Info:  MS: session_layer:rcv_lower_thread,msg_name: invoke, ss_id: 4, ps_id: 3, proc_type: 65538, msg_type: 0
(2017-12-14 21:16:36 周四) Info:  MS: client_proxy:rcv_lower_thread,msg_name: invoke, ss_id: 4, ps_id: 3, proc_type: 65538, msg_type: 0
(2017-12-14 21:17:52 周四) Info:  MS: session_layer:rcv_lower_thread,msg_name: end session, ss_id: 4, ps_id: 3, proc_type: 1048579, msg_type: 0
(2017-12-14 21:17:52 周四) Info:  MS: client_proxy:rcv_lower_thread,msg_name: end session, ss_id: 4, ps_id: 3, proc_type: 1048579, msg_type: 0
(2017-12-14 21:23:15 周四) Info:  MS: session_layer:rcv_lower_thread,msg_name: login, ss_id: 10000, ps_id: 3, proc_type: 1048576, msg_type: 1
(2017-12-14 21:23:15 周四) Info:  MS: session_layer:rcv_lower_thread,msg_name: dev_type_id_data, ss_id: 10000, ps_id: 3, proc_type: 257, msg_type: 2
(2017-12-14 21:23:21 周四) Info:  MS: session_layer:rcv_lower_thread,msg_name: dev_type_id_data, ss_id: 10000, ps_id: 3, proc_type: 257, msg_type: 2
(2017-12-14 21:23:27 周四) Info:  MS: session_layer:rcv_lower_thread,msg_name: UnionSimConfParam, ss_id: 10000, ps_id: 3, proc_type: 261, msg_type: 2
(2017-12-14 21:23:42 周四) Info:  MS: session_layer:rcv_lower_thread,msg_name: , ss_id: 10000, ps_id: 3, proc_type: 356, msg_type: 0
(2017-12-14 21:23:42 周四) Info:  MS: client_proxy:rcv_lower_thread,msg_name: , ss_id: 10000, ps_id: 3, proc_type: 356, msg_type: 0
(2017-12-14 21:25:16 周四) Info:  MS: session_layer:rcv_lower_thread,msg_name: , ss_id: 10000, ps_id: 3, proc_type: 356, msg_type: 0
(2017-12-14 21:25:16 周四) Info:  MS: client_proxy:rcv_lower_thread,msg_name: , ss_id: 10000, ps_id: 3, proc_type: 356, msg_type: 0
(2017-12-14 21:25:57 周四) Info:  MS: session_layer:rcv_lower_thread,msg_name: logout, ss_id: 10000, ps_id: 3, proc_type: 1048577, msg_type: 1
(2017-12-14 21:26:39 周四) Info:  MS: session_layer:rcv_lower_thread,msg_name: login, ss_id: 10000, ps_id: 3, proc_type: 1048576, msg_type: 1
(2017-12-14 21:26:39 周四) Info:  MS: session_layer:rcv_lower_thread,msg_name: dev_type_id_data, ss_id: 10000, ps_id: 3, proc_type: 257, msg_type: 2
(2017-12-14 21:26:47 周四) Info:  MS: session_layer:rcv_lower_thread,msg_name: dev_type_id_data, ss_id: 10000, ps_id: 3, proc_type: 257, msg_type: 2
(2017-12-14 21:26:55 周四) Info:  MS: session_layer:rcv_lower_thread,msg_name: UnionSimConfParam, ss_id: 10000, ps_id: 3, proc_type: 261, msg_type: 2
(2017-12-14 21:27:08 周四) Info:  MS: session_layer:rcv_lower_thread,msg_name: , ss_id: 10000, ps_id: 3, proc_type: 356, msg_type: 0
(2017-12-14 21:27:08 周四) Info:  MS: client_proxy:rcv_lower_thread,msg_name: , ss_id: 10000, ps_id: 3, proc_type: 356, msg_type: 0
(2017-12-14 21:37:40 周四) Info:  MS: session_layer:rcv_lower_thread,msg_name: login, ss_id: 10000, ps_id: 3, proc_type: 1048576, msg_type: 1
(2017-12-14 21:37:40 周四) Info:  MS: session_layer:rcv_lower_thread,msg_name: dev_type_id_data, ss_id: 10000, ps_id: 3, proc_type: 257, msg_type: 2
(2017-12-14 21:37:46 周四) Info:  MS: session_layer:rcv_lower_thread,msg_name: dev_type_id_data, ss_id: 10000, ps_id: 3, proc_type: 257, msg_type: 2
(2017-12-14 21:38:04 周四) Info:  MS: session_layer:rcv_lower_thread,msg_name: UnionSimConfParam, ss_id: 10000, ps_id: 3, proc_type: 261, msg_type: 2
(2017-12-14 21:38:20 周四) Info:  MS: session_layer:rcv_lower_thread,msg_name: , ss_id: 10000, ps_id: 3, proc_type: 356, msg_type: 0
(2017-12-14 21:38:20 周四) Info:  MS: client_proxy:rcv_lower_thread,msg_name: , ss_id: 10000, ps_id: 3, proc_type: 356, msg_type: 0
(2017-12-14 21:40:39 周四) Info:  MS: session_layer:rcv_lower_thread,msg_name: start session, ss_id: 2, ps_id: 3, proc_type: 1048578, msg_type: 0
(2017-12-14 21:40:39 周四) Info:  MS: client_proxy:rcv_lower_thread,msg_name: start session, ss_id: 2, ps_id: 3, proc_type: 1048578, msg_type: 0
(2017-12-14 21:40:40 周四) Info:  MS: session_layer:rcv_lower_thread,msg_name: application request, ss_id: 2, ps_id: 3, proc_type: 65536, msg_type: 0
(2017-12-14 21:40:40 周四) Info:  MS: client_proxy:rcv_lower_thread,msg_name: application request, ss_id: 2, ps_id: 3, proc_type: 65536, msg_type: 0
(2017-12-14 21:40:40 周四) Info:  MS: session_layer:rcv_lower_thread,msg_name: send data, ss_id: 2, ps_id: 3, proc_type: 65537, msg_type: 0
(2017-12-14 21:40:40 周四) Info:  MS: client_proxy:rcv_lower_thread,msg_name: send data, ss_id: 2, ps_id: 3, proc_type: 65537, msg_type: 0
(2017-12-14 21:40:41 周四) Info:  MS: session_layer:rcv_lower_thread,msg_name: invoke, ss_id: 2, ps_id: 3, proc_type: 65538, msg_type: 0
(2017-12-14 21:40:41 周四) Info:  MS: client_proxy:rcv_lower_thread,msg_name: invoke, ss_id: 2, ps_id: 3, proc_type: 65538, msg_type: 0
(2017-12-14 21:41:06 周四) Info:  MS: session_layer:rcv_lower_thread,msg_name: end session, ss_id: 2, ps_id: 3, proc_type: 1048579, msg_type: 0
(2017-12-14 21:41:06 周四) Info:  MS: client_proxy:rcv_lower_thread,msg_name: end session, ss_id: 2, ps_id: 3, proc_type: 1048579, msg_type: 0
(2017-12-14 21:45:37 周四) Info:  MS: session_layer:rcv_lower_thread,msg_name: logout, ss_id: 10000, ps_id: 3, proc_type: 1048577, msg_type: 1
(2017-12-14 21:50:10 周四) Info:  MS: session_layer:rcv_lower_thread,msg_name: login, ss_id: 10000, ps_id: 5, proc_type: 1048576, msg_type: 1
(2017-12-14 21:50:10 周四) Info:  MS: session_layer:rcv_lower_thread,msg_name: dev_type_id_data, ss_id: 10000, ps_id: 5, proc_type: 257, msg_type: 2
(2017-12-14 21:50:20 周四) Info:  MS: session_layer:rcv_lower_thread,msg_name: dev_type_id_data, ss_id: 10000, ps_id: 5, proc_type: 257, msg_type: 2
(2017-12-14 21:50:50 周四) Info:  MS: session_layer:rcv_lower_thread,msg_name: UnionSimConfParam, ss_id: 10000, ps_id: 5, proc_type: 261, msg_type: 2
(2017-12-14 21:51:09 周四) Info:  MS: session_layer:rcv_lower_thread,msg_name: , ss_id: 10000, ps_id: 5, proc_type: 356, msg_type: 0
(2017-12-14 21:51:09 周四) Info:  MS: client_proxy:rcv_lower_thread,msg_name: , ss_id: 10000, ps_id: 5, proc_type: 356, msg_type: 0
(2017-12-14 21:52:27 周四) Info:  MS: session_layer:rcv_lower_thread,msg_name: start session, ss_id: 3, ps_id: 5, proc_type: 1048578, msg_type: 0
(2017-12-14 21:52:27 周四) Info:  MS: client_proxy:rcv_lower_thread,msg_name: start session, ss_id: 3, ps_id: 5, proc_type: 1048578, msg_type: 0
(2017-12-14 21:52:27 周四) Info:  MS: session_layer:rcv_lower_thread,msg_name: start session, ss_id: 3, ps_id: 5, proc_type: 1048578, msg_type: 0
(2017-12-14 21:52:27 周四) Info:  MS: client_proxy:rcv_lower_thread,msg_name: start session, ss_id: 3, ps_id: 5, proc_type: 1048578, msg_type: 0
(2017-12-14 21:52:28 周四) Info:  MS: session_layer:rcv_lower_thread,msg_name: application request, ss_id: 3, ps_id: 5, proc_type: 65536, msg_type: 0
(2017-12-14 21:52:28 周四) Info:  MS: client_proxy:rcv_lower_thread,msg_name: application request, ss_id: 3, ps_id: 5, proc_type: 65536, msg_type: 0
(2017-12-14 21:52:28 周四) Info:  MS: session_layer:rcv_lower_thread,msg_name: application request, ss_id: 3, ps_id: 5, proc_type: 65536, msg_type: 0
(2017-12-14 21:52:28 周四) Info:  MS: client_proxy:rcv_lower_thread,msg_name: application request, ss_id: 3, ps_id: 5, proc_type: 65536, msg_type: 0
(2017-12-14 21:52:29 周四) Info:  MS: session_layer:rcv_lower_thread,msg_name: send data, ss_id: 3, ps_id: 5, proc_type: 65537, msg_type: 0
(2017-12-14 21:52:29 周四) Info:  MS: client_proxy:rcv_lower_thread,msg_name: send data, ss_id: 3, ps_id: 5, proc_type: 65537, msg_type: 0
(2017-12-14 21:52:29 周四) Info:  MS: session_layer:rcv_lower_thread,msg_name: invoke, ss_id: 3, ps_id: 5, proc_type: 65538, msg_type: 0
(2017-12-14 21:52:29 周四) Info:  MS: client_proxy:rcv_lower_thread,msg_name: invoke, ss_id: 3, ps_id: 5, proc_type: 65538, msg_type: 0
(2017-12-14 21:52:29 周四) Info:  MS: session_layer:rcv_lower_thread,msg_name: invoke, ss_id: 3, ps_id: 5, proc_type: 65538, msg_type: 0
(2017-12-14 21:52:29 周四) Info:  MS: client_proxy:rcv_lower_thread,msg_name: invoke, ss_id: 3, ps_id: 5, proc_type: 65538, msg_type: 0
(2017-12-14 21:52:36 周四) Info:  MS: session_layer:rcv_lower_thread,msg_name: end session, ss_id: 3, ps_id: 5, proc_type: 1048579, msg_type: 0
(2017-12-14 21:52:36 周四) Info:  MS: client_proxy:rcv_lower_thread,msg_name: end session, ss_id: 3, ps_id: 5, proc_type: 1048579, msg_type: 0
(2017-12-14 21:53:53 周四) Info:  MS: session_layer:rcv_lower_thread,msg_name: start session, ss_id: 3, ps_id: 5, proc_type: 1048578, msg_type: 0
(2017-12-14 21:53:53 周四) Info:  MS: client_proxy:rcv_lower_thread,msg_name: start session, ss_id: 3, ps_id: 5, proc_type: 1048578, msg_type: 0
(2017-12-14 21:53:55 周四) Info:  MS: session_layer:rcv_lower_thread,msg_name: start session, ss_id: 3, ps_id: 5, proc_type: 1048578, msg_type: 0
(2017-12-14 21:53:55 周四) Info:  MS: client_proxy:rcv_lower_thread,msg_name: start session, ss_id: 3, ps_id: 5, proc_type: 1048578, msg_type: 0
(2017-12-14 21:53:55 周四) Info:  MS: session_layer:rcv_lower_thread,msg_name: application request, ss_id: 3, ps_id: 5, proc_type: 65536, msg_type: 0
(2017-12-14 21:53:55 周四) Info:  MS: client_proxy:rcv_lower_thread,msg_name: application request, ss_id: 3, ps_id: 5, proc_type: 65536, msg_type: 0
(2017-12-14 21:53:57 周四) Info:  MS: session_layer:rcv_lower_thread,msg_name: send data, ss_id: 3, ps_id: 5, proc_type: 65537, msg_type: 0
(2017-12-14 21:53:57 周四) Info:  MS: client_proxy:rcv_lower_thread,msg_name: send data, ss_id: 3, ps_id: 5, proc_type: 65537, msg_type: 0
(2017-12-14 21:53:58 周四) Info:  MS: session_layer:rcv_lower_thread,msg_name: invoke, ss_id: 3, ps_id: 5, proc_type: 65538, msg_type: 0
(2017-12-14 21:53:58 周四) Info:  MS: client_proxy:rcv_lower_thread,msg_name: invoke, ss_id: 3, ps_id: 5, proc_type: 65538, msg_type: 0
(2017-12-14 21:54:03 周四) Info:  MS: session_layer:rcv_lower_thread,msg_name: end session, ss_id: 3, ps_id: 5, proc_type: 1048579, msg_type: 0
(2017-12-14 21:54:03 周四) Info:  MS: client_proxy:rcv_lower_thread,msg_name: end session, ss_id: 3, ps_id: 5, proc_type: 1048579, msg_type: 0
(2017-12-14 21:54:52 周四) Info:  MS: session_layer:rcv_lower_thread,msg_name: start session, ss_id: 3, ps_id: 5, proc_type: 1048578, msg_type: 0
(2017-12-14 21:54:52 周四) Info:  MS: client_proxy:rcv_lower_thread,msg_name: start session, ss_id: 3, ps_id: 5, proc_type: 1048578, msg_type: 0
(2017-12-14 21:54:54 周四) Info:  MS: session_layer:rcv_lower_thread,msg_name: application request, ss_id: 3, ps_id: 5, proc_type: 65536, msg_type: 0
(2017-12-14 21:54:54 周四) Info:  MS: client_proxy:rcv_lower_thread,msg_name: application request, ss_id: 3, ps_id: 5, proc_type: 65536, msg_type: 0
(2017-12-14 21:54:55 周四) Info:  MS: session_layer:rcv_lower_thread,msg_name: send data, ss_id: 3, ps_id: 5, proc_type: 65537, msg_type: 0
(2017-12-14 21:54:55 周四) Info:  MS: client_proxy:rcv_lower_thread,msg_name: send data, ss_id: 3, ps_id: 5, proc_type: 65537, msg_type: 0
(2017-12-14 21:54:56 周四) Info:  MS: session_layer:rcv_lower_thread,msg_name: invoke, ss_id: 3, ps_id: 5, proc_type: 65538, msg_type: 0
(2017-12-14 21:54:56 周四) Info:  MS: client_proxy:rcv_lower_thread,msg_name: invoke, ss_id: 3, ps_id: 5, proc_type: 65538, msg_type: 0
(2017-12-14 21:55:03 周四) Info:  MS: session_layer:rcv_lower_thread,msg_name: end session, ss_id: 3, ps_id: 5, proc_type: 1048579, msg_type: 0
(2017-12-14 21:55:03 周四) Info:  MS: client_proxy:rcv_lower_thread,msg_name: end session, ss_id: 3, ps_id: 5, proc_type: 1048579, msg_type: 0
(2017-12-14 21:55:57 周四) Info:  MS: session_layer:rcv_lower_thread,msg_name: start session, ss_id: 3, ps_id: 5, proc_type: 1048578, msg_type: 0
(2017-12-14 21:55:57 周四) Info:  MS: client_proxy:rcv_lower_thread,msg_name: start session, ss_id: 3, ps_id: 5, proc_type: 1048578, msg_type: 0
(2017-12-14 21:55:59 周四) Info:  MS: session_layer:rcv_lower_thread,msg_name: application request, ss_id: 3, ps_id: 5, proc_type: 65536, msg_type: 0
(2017-12-14 21:55:59 周四) Info:  MS: client_proxy:rcv_lower_thread,msg_name: application request, ss_id: 3, ps_id: 5, proc_type: 65536, msg_type: 0
(2017-12-14 21:56:00 周四) Info:  MS: session_layer:rcv_lower_thread,msg_name: send data, ss_id: 3, ps_id: 5, proc_type: 65537, msg_type: 0
(2017-12-14 21:56:00 周四) Info:  MS: client_proxy:rcv_lower_thread,msg_name: send data, ss_id: 3, ps_id: 5, proc_type: 65537, msg_type: 0
(2017-12-14 21:56:02 周四) Info:  MS: session_layer:rcv_lower_thread,msg_name: invoke, ss_id: 3, ps_id: 5, proc_type: 65538, msg_type: 0
(2017-12-14 21:56:02 周四) Info:  MS: client_proxy:rcv_lower_thread,msg_name: invoke, ss_id: 3, ps_id: 5, proc_type: 65538, msg_type: 0
(2017-12-14 21:56:06 周四) Info:  MS: session_layer:rcv_lower_thread,msg_name: end session, ss_id: 3, ps_id: 5, proc_type: 1048579, msg_type: 0
(2017-12-14 21:56:06 周四) Info:  MS: client_proxy:rcv_lower_thread,msg_name: end session, ss_id: 3, ps_id: 5, proc_type: 1048579, msg_type: 0
(2017-12-14 21:56:56 周四) Info:  MS: session_layer:rcv_lower_thread,msg_name: logout, ss_id: 10000, ps_id: 5, proc_type: 1048577, msg_type: 1
(2017-12-14 22:01:06 周四) Info:  MS: session_layer:rcv_lower_thread,msg_name: login, ss_id: 10000, ps_id: 4, proc_type: 1048576, msg_type: 1
(2017-12-14 22:01:06 周四) Info:  MS: session_layer:rcv_lower_thread,msg_name: dev_type_id_data, ss_id: 10000, ps_id: 4, proc_type: 257, msg_type: 2
(2017-12-14 22:01:11 周四) Info:  MS: session_layer:rcv_lower_thread,msg_name: dev_type_id_data, ss_id: 10000, ps_id: 4, proc_type: 257, msg_type: 2
(2017-12-14 22:01:53 周四) Info:  MS: session_layer:rcv_lower_thread,msg_name: UnionSimConfParam, ss_id: 10000, ps_id: 4, proc_type: 261, msg_type: 2
(2017-12-14 22:01:53 周四) Info:  MS: session_layer:rcv_lower_thread,msg_name: UnionSimConfParam, ss_id: 10000, ps_id: 4, proc_type: 261, msg_type: 2
(2017-12-14 22:01:53 周四) Info:  MS: session_layer:rcv_lower_thread,msg_name: UnionSimConfParam, ss_id: 10000, ps_id: 4, proc_type: 261, msg_type: 2
(2017-12-14 22:02:42 周四) Info:  MS: session_layer:rcv_lower_thread,msg_name: UnionSimConfParam, ss_id: 10000, ps_id: 4, proc_type: 261, msg_type: 2
(2017-12-14 22:02:42 周四) Info:  MS: session_layer:rcv_lower_thread,msg_name: UnionSimConfParam, ss_id: 10000, ps_id: 4, proc_type: 261, msg_type: 2
(2017-12-14 22:09:00 周四) Info:  MS: session_layer:rcv_lower_thread,msg_name: login, ss_id: 10000, ps_id: 5, proc_type: 1048576, msg_type: 1
(2017-12-14 22:09:00 周四) Info:  MS: session_layer:rcv_lower_thread,msg_name: dev_type_id_data, ss_id: 10000, ps_id: 5, proc_type: 257, msg_type: 2
(2017-12-14 22:09:14 周四) Info:  MS: session_layer:rcv_lower_thread,msg_name: dev_type_id_data, ss_id: 10000, ps_id: 5, proc_type: 257, msg_type: 2
(2017-12-14 22:10:24 周四) Info:  MS: session_layer:rcv_lower_thread,msg_name: UnionSimConfParam, ss_id: 10000, ps_id: 5, proc_type: 261, msg_type: 2
(2017-12-14 22:10:24 周四) Info:  MS: session_layer:rcv_lower_thread,msg_name: UnionSimConfParam, ss_id: 10000, ps_id: 5, proc_type: 261, msg_type: 2
(2017-12-14 22:11:01 周四) Info:  MS: session_layer:rcv_lower_thread,msg_name: , ss_id: 10000, ps_id: 5, proc_type: 356, msg_type: 0
(2017-12-14 22:11:01 周四) Info:  MS: client_proxy:rcv_lower_thread,msg_name: , ss_id: 10000, ps_id: 5, proc_type: 356, msg_type: 0
(2017-12-14 22:11:49 周四) Info:  MS: session_layer:rcv_lower_thread,msg_name: start session, ss_id: 3, ps_id: 5, proc_type: 1048578, msg_type: 0
(2017-12-14 22:11:49 周四) Info:  MS: client_proxy:rcv_lower_thread,msg_name: start session, ss_id: 3, ps_id: 5, proc_type: 1048578, msg_type: 0
(2017-12-14 22:11:50 周四) Info:  MS: session_layer:rcv_lower_thread,msg_name: application request, ss_id: 3, ps_id: 5, proc_type: 65536, msg_type: 0
(2017-12-14 22:11:50 周四) Info:  MS: client_proxy:rcv_lower_thread,msg_name: application request, ss_id: 3, ps_id: 5, proc_type: 65536, msg_type: 0
(2017-12-14 22:11:50 周四) Info:  MS: session_layer:rcv_lower_thread,msg_name: send data, ss_id: 3, ps_id: 5, proc_type: 65537, msg_type: 0
(2017-12-14 22:11:50 周四) Info:  MS: client_proxy:rcv_lower_thread,msg_name: send data, ss_id: 3, ps_id: 5, proc_type: 65537, msg_type: 0
(2017-12-14 22:11:51 周四) Info:  MS: session_layer:rcv_lower_thread,msg_name: invoke, ss_id: 3, ps_id: 5, proc_type: 65538, msg_type: 0
(2017-12-14 22:11:51 周四) Info:  MS: client_proxy:rcv_lower_thread,msg_name: invoke, ss_id: 3, ps_id: 5, proc_type: 65538, msg_type: 0
(2017-12-14 22:11:53 周四) Info:  MS: session_layer:rcv_lower_thread,msg_name: end session, ss_id: 3, ps_id: 5, proc_type: 1048579, msg_type: 0
(2017-12-14 22:11:53 周四) Info:  MS: client_proxy:rcv_lower_thread,msg_name: end session, ss_id: 3, ps_id: 5, proc_type: 1048579, msg_type: 0
(2017-12-14 22:12:46 周四) Info:  MS: session_layer:rcv_lower_thread,msg_name: start session, ss_id: 3, ps_id: 5, proc_type: 1048578, msg_type: 0
(2017-12-14 22:12:46 周四) Info:  MS: client_proxy:rcv_lower_thread,msg_name: start session, ss_id: 3, ps_id: 5, proc_type: 1048578, msg_type: 0
(2017-12-14 22:12:47 周四) Info:  MS: session_layer:rcv_lower_thread,msg_name: application request, ss_id: 3, ps_id: 5, proc_type: 65536, msg_type: 0
(2017-12-14 22:12:47 周四) Info:  MS: client_proxy:rcv_lower_thread,msg_name: application request, ss_id: 3, ps_id: 5, proc_type: 65536, msg_type: 0
(2017-12-14 22:12:48 周四) Info:  MS: session_layer:rcv_lower_thread,msg_name: send data, ss_id: 3, ps_id: 5, proc_type: 65537, msg_type: 0
(2017-12-14 22:12:48 周四) Info:  MS: client_proxy:rcv_lower_thread,msg_name: send data, ss_id: 3, ps_id: 5, proc_type: 65537, msg_type: 0
(2017-12-14 22:12:49 周四) Info:  MS: session_layer:rcv_lower_thread,msg_name: invoke, ss_id: 3, ps_id: 5, proc_type: 65538, msg_type: 0
(2017-12-14 22:12:49 周四) Info:  MS: client_proxy:rcv_lower_thread,msg_name: invoke, ss_id: 3, ps_id: 5, proc_type: 65538, msg_type: 0
(2017-12-14 22:12:51 周四) Info:  MS: session_layer:rcv_lower_thread,msg_name: end session, ss_id: 3, ps_id: 5, proc_type: 1048579, msg_type: 0
(2017-12-14 22:12:51 周四) Info:  MS: client_proxy:rcv_lower_thread,msg_name: end session, ss_id: 3, ps_id: 5, proc_type: 1048579, msg_type: 0
(2017-12-14 22:12:52 周四) Info:  MS: session_layer:rcv_lower_thread,msg_name: end session, ss_id: 3, ps_id: 5, proc_type: 1048579, msg_type: 0
(2017-12-14 22:12:52 周四) Info:  MS: client_proxy:rcv_lower_thread,msg_name: end session, ss_id: 3, ps_id: 5, proc_type: 1048579, msg_type: 0
(2017-12-14 22:13:40 周四) Info:  MS: session_layer:rcv_lower_thread,msg_name: start session, ss_id: 3, ps_id: 5, proc_type: 1048578, msg_type: 0
(2017-12-14 22:13:40 周四) Info:  MS: client_proxy:rcv_lower_thread,msg_name: start session, ss_id: 3, ps_id: 5, proc_type: 1048578, msg_type: 0
(2017-12-14 22:13:41 周四) Info:  MS: session_layer:rcv_lower_thread,msg_name: application request, ss_id: 3, ps_id: 5, proc_type: 65536, msg_type: 0
(2017-12-14 22:13:41 周四) Info:  MS: client_proxy:rcv_lower_thread,msg_name: application request, ss_id: 3, ps_id: 5, proc_type: 65536, msg_type: 0
(2017-12-14 22:13:42 周四) Info:  MS: session_layer:rcv_lower_thread,msg_name: send data, ss_id: 3, ps_id: 5, proc_type: 65537, msg_type: 0
(2017-12-14 22:13:42 周四) Info:  MS: client_proxy:rcv_lower_thread,msg_name: send data, ss_id: 3, ps_id: 5, proc_type: 65537, msg_type: 0
(2017-12-14 22:13:43 周四) Info:  MS: session_layer:rcv_lower_thread,msg_name: invoke, ss_id: 3, ps_id: 5, proc_type: 65538, msg_type: 0
(2017-12-14 22:13:43 周四) Info:  MS: client_proxy:rcv_lower_thread,msg_name: invoke, ss_id: 3, ps_id: 5, proc_type: 65538, msg_type: 0
(2017-12-14 22:13:45 周四) Info:  MS: session_layer:rcv_lower_thread,msg_name: end session, ss_id: 3, ps_id: 5, proc_type: 1048579, msg_type: 0
(2017-12-14 22:13:45 周四) Info:  MS: client_proxy:rcv_lower_thread,msg_name: end session, ss_id: 3, ps_id: 5, proc_type: 1048579, msg_type: 0
(2017-12-14 22:14:36 周四) Info:  MS: session_layer:rcv_lower_thread,msg_name: start session, ss_id: 3, ps_id: 5, proc_type: 1048578, msg_type: 0
(2017-12-14 22:14:36 周四) Info:  MS: client_proxy:rcv_lower_thread,msg_name: start session, ss_id: 3, ps_id: 5, proc_type: 1048578, msg_type: 0
(2017-12-14 22:14:38 周四) Info:  MS: session_layer:rcv_lower_thread,msg_name: application request, ss_id: 3, ps_id: 5, proc_type: 65536, msg_type: 0
(2017-12-14 22:14:38 周四) Info:  MS: client_proxy:rcv_lower_thread,msg_name: application request, ss_id: 3, ps_id: 5, proc_type: 65536, msg_type: 0
(2017-12-14 22:14:39 周四) Info:  MS: session_layer:rcv_lower_thread,msg_name: send data, ss_id: 3, ps_id: 5, proc_type: 65537, msg_type: 0
(2017-12-14 22:14:39 周四) Info:  MS: client_proxy:rcv_lower_thread,msg_name: send data, ss_id: 3, ps_id: 5, proc_type: 65537, msg_type: 0
(2017-12-14 22:14:41 周四) Info:  MS: session_layer:rcv_lower_thread,msg_name: invoke, ss_id: 3, ps_id: 5, proc_type: 65538, msg_type: 0
(2017-12-14 22:14:41 周四) Info:  MS: client_proxy:rcv_lower_thread,msg_name: invoke, ss_id: 3, ps_id: 5, proc_type: 65538, msg_type: 0
(2017-12-14 22:14:43 周四) Info:  MS: session_layer:rcv_lower_thread,msg_name: end session, ss_id: 3, ps_id: 5, proc_type: 1048579, msg_type: 0
(2017-12-14 22:14:43 周四) Info:  MS: client_proxy:rcv_lower_thread,msg_name: end session, ss_id: 3, ps_id: 5, proc_type: 1048579, msg_type: 0
(2017-12-14 22:15:38 周四) Info:  MS: session_layer:rcv_lower_thread,msg_name: start session, ss_id: 3, ps_id: 5, proc_type: 1048578, msg_type: 0
(2017-12-14 22:15:38 周四) Info:  MS: client_proxy:rcv_lower_thread,msg_name: start session, ss_id: 3, ps_id: 5, proc_type: 1048578, msg_type: 0
(2017-12-14 22:15:40 周四) Info:  MS: session_layer:rcv_lower_thread,msg_name: application request, ss_id: 3, ps_id: 5, proc_type: 65536, msg_type: 0
(2017-12-14 22:15:40 周四) Info:  MS: client_proxy:rcv_lower_thread,msg_name: application request, ss_id: 3, ps_id: 5, proc_type: 65536, msg_type: 0
(2017-12-14 22:15:42 周四) Info:  MS: session_layer:rcv_lower_thread,msg_name: send data, ss_id: 3, ps_id: 5, proc_type: 65537, msg_type: 0
(2017-12-14 22:15:42 周四) Info:  MS: client_proxy:rcv_lower_thread,msg_name: send data, ss_id: 3, ps_id: 5, proc_type: 65537, msg_type: 0
(2017-12-14 22:15:43 周四) Info:  MS: session_layer:rcv_lower_thread,msg_name: invoke, ss_id: 3, ps_id: 5, proc_type: 65538, msg_type: 0
(2017-12-14 22:15:43 周四) Info:  MS: client_proxy:rcv_lower_thread,msg_name: invoke, ss_id: 3, ps_id: 5, proc_type: 65538, msg_type: 0
(2017-12-14 22:15:46 周四) Info:  MS: session_layer:rcv_lower_thread,msg_name: end session, ss_id: 3, ps_id: 5, proc_type: 1048579, msg_type: 0
(2017-12-14 22:15:46 周四) Info:  MS: client_proxy:rcv_lower_thread,msg_name: end session, ss_id: 3, ps_id: 5, proc_type: 1048579, msg_type: 0
(2017-12-14 22:16:44 周四) Info:  MS: session_layer:rcv_lower_thread,msg_name: start session, ss_id: 3, ps_id: 5, proc_type: 1048578, msg_type: 0
(2017-12-14 22:16:44 周四) Info:  MS: client_proxy:rcv_lower_thread,msg_name: start session, ss_id: 3, ps_id: 5, proc_type: 1048578, msg_type: 0
(2017-12-14 22:16:46 周四) Info:  MS: session_layer:rcv_lower_thread,msg_name: application request, ss_id: 3, ps_id: 5, proc_type: 65536, msg_type: 0
(2017-12-14 22:16:46 周四) Info:  MS: client_proxy:rcv_lower_thread,msg_name: application request, ss_id: 3, ps_id: 5, proc_type: 65536, msg_type: 0
(2017-12-14 22:16:48 周四) Info:  MS: session_layer:rcv_lower_thread,msg_name: send data, ss_id: 3, ps_id: 5, proc_type: 65537, msg_type: 0
(2017-12-14 22:16:48 周四) Info:  MS: client_proxy:rcv_lower_thread,msg_name: send data, ss_id: 3, ps_id: 5, proc_type: 65537, msg_type: 0
(2017-12-14 22:16:50 周四) Info:  MS: session_layer:rcv_lower_thread,msg_name: invoke, ss_id: 3, ps_id: 5, proc_type: 65538, msg_type: 0
(2017-12-14 22:16:50 周四) Info:  MS: client_proxy:rcv_lower_thread,msg_name: invoke, ss_id: 3, ps_id: 5, proc_type: 65538, msg_type: 0
(2017-12-14 22:16:52 周四) Info:  MS: session_layer:rcv_lower_thread,msg_name: end session, ss_id: 3, ps_id: 5, proc_type: 1048579, msg_type: 0
(2017-12-14 22:16:52 周四) Info:  MS: client_proxy:rcv_lower_thread,msg_name: end session, ss_id: 3, ps_id: 5, proc_type: 1048579, msg_type: 0
(2017-12-14 22:17:54 周四) Info:  MS: session_layer:rcv_lower_thread,msg_name: start session, ss_id: 3, ps_id: 5, proc_type: 1048578, msg_type: 0
(2017-12-14 22:17:54 周四) Info:  MS: client_proxy:rcv_lower_thread,msg_name: start session, ss_id: 3, ps_id: 5, proc_type: 1048578, msg_type: 0
(2017-12-14 22:17:56 周四) Info:  MS: session_layer:rcv_lower_thread,msg_name: application request, ss_id: 3, ps_id: 5, proc_type: 65536, msg_type: 0
(2017-12-14 22:17:56 周四) Info:  MS: client_proxy:rcv_lower_thread,msg_name: application request, ss_id: 3, ps_id: 5, proc_type: 65536, msg_type: 0
(2017-12-14 22:17:58 周四) Info:  MS: session_layer:rcv_lower_thread,msg_name: send data, ss_id: 3, ps_id: 5, proc_type: 65537, msg_type: 0
(2017-12-14 22:17:58 周四) Info:  MS: client_proxy:rcv_lower_thread,msg_name: send data, ss_id: 3, ps_id: 5, proc_type: 65537, msg_type: 0
(2017-12-14 22:18:01 周四) Info:  MS: session_layer:rcv_lower_thread,msg_name: invoke, ss_id: 3, ps_id: 5, proc_type: 65538, msg_type: 0
(2017-12-14 22:18:01 周四) Info:  MS: client_proxy:rcv_lower_thread,msg_name: invoke, ss_id: 3, ps_id: 5, proc_type: 65538, msg_type: 0
(2017-12-14 22:18:04 周四) Info:  MS: session_layer:rcv_lower_thread,msg_name: end session, ss_id: 3, ps_id: 5, proc_type: 1048579, msg_type: 0
(2017-12-14 22:18:04 周四) Info:  MS: client_proxy:rcv_lower_thread,msg_name: end session, ss_id: 3, ps_id: 5, proc_type: 1048579, msg_type: 0
(2017-12-14 22:27:46 周四) Info:  MS: session_layer:rcv_lower_thread,msg_name: login, ss_id: 10000, ps_id: 4, proc_type: 1048576, msg_type: 1
(2017-12-14 22:27:46 周四) Info:  MS: session_layer:rcv_lower_thread,msg_name: dev_type_id_data, ss_id: 10000, ps_id: 4, proc_type: 257, msg_type: 2
(2017-12-14 22:27:50 周四) Info:  MS: session_layer:rcv_lower_thread,msg_name: dev_type_id_data, ss_id: 10000, ps_id: 4, proc_type: 257, msg_type: 2
(2017-12-14 22:27:50 周四) Info:  MS: session_layer:rcv_lower_thread,msg_name: dev_type_id_data, ss_id: 10000, ps_id: 4, proc_type: 257, msg_type: 2
(2017-12-14 22:27:59 周四) Info:  MS: session_layer:rcv_lower_thread,msg_name: UnionSimConfParam, ss_id: 10000, ps_id: 4, proc_type: 261, msg_type: 2
(2017-12-14 22:28:42 周四) Info:  MS: session_layer:rcv_lower_thread,msg_name: , ss_id: 10000, ps_id: 4, proc_type: 356, msg_type: 0
(2017-12-14 22:28:42 周四) Info:  MS: client_proxy:rcv_lower_thread,msg_name: , ss_id: 10000, ps_id: 4, proc_type: 356, msg_type: 0
(2017-12-14 22:29:27 周四) Info:  MS: session_layer:rcv_lower_thread,msg_name: start session, ss_id: 3, ps_id: 4, proc_type: 1048578, msg_type: 0
(2017-12-14 22:29:27 周四) Info:  MS: client_proxy:rcv_lower_thread,msg_name: start session, ss_id: 3, ps_id: 4, proc_type: 1048578, msg_type: 0
(2017-12-14 22:29:27 周四) Info:  MS: session_layer:rcv_lower_thread,msg_name: application request, ss_id: 3, ps_id: 4, proc_type: 65536, msg_type: 0
(2017-12-14 22:29:27 周四) Info:  MS: client_proxy:rcv_lower_thread,msg_name: application request, ss_id: 3, ps_id: 4, proc_type: 65536, msg_type: 0
(2017-12-14 22:29:27 周四) Info:  MS: session_layer:rcv_lower_thread,msg_name: send data, ss_id: 3, ps_id: 4, proc_type: 65537, msg_type: 0
(2017-12-14 22:29:27 周四) Info:  MS: client_proxy:rcv_lower_thread,msg_name: send data, ss_id: 3, ps_id: 4, proc_type: 65537, msg_type: 0
(2017-12-14 22:29:28 周四) Info:  MS: session_layer:rcv_lower_thread,msg_name: invoke, ss_id: 3, ps_id: 4, proc_type: 65538, msg_type: 0
(2017-12-14 22:29:28 周四) Info:  MS: client_proxy:rcv_lower_thread,msg_name: invoke, ss_id: 3, ps_id: 4, proc_type: 65538, msg_type: 0
(2017-12-14 22:29:29 周四) Info:  MS: session_layer:rcv_lower_thread,msg_name: end session, ss_id: 3, ps_id: 4, proc_type: 1048579, msg_type: 0
(2017-12-14 22:29:29 周四) Info:  MS: client_proxy:rcv_lower_thread,msg_name: end session, ss_id: 3, ps_id: 4, proc_type: 1048579, msg_type: 0
(2017-12-14 22:34:58 周四) Info:  MS: session_layer:rcv_lower_thread,msg_name: login, ss_id: 10000, ps_id: 3, proc_type: 1048576, msg_type: 1
(2017-12-14 22:34:58 周四) Info:  MS: session_layer:rcv_lower_thread,msg_name: dev_type_id_data, ss_id: 10000, ps_id: 3, proc_type: 257, msg_type: 2
(2017-12-14 22:35:05 周四) Info:  MS: session_layer:rcv_lower_thread,msg_name: dev_type_id_data, ss_id: 10000, ps_id: 3, proc_type: 257, msg_type: 2
(2017-12-14 22:35:23 周四) Info:  MS: session_layer:rcv_lower_thread,msg_name: UnionSimConfParam, ss_id: 10000, ps_id: 3, proc_type: 261, msg_type: 2
(2017-12-14 22:35:50 周四) Info:  MS: session_layer:rcv_lower_thread,msg_name: , ss_id: 10000, ps_id: 3, proc_type: 356, msg_type: 0
(2017-12-14 22:35:50 周四) Info:  MS: client_proxy:rcv_lower_thread,msg_name: , ss_id: 10000, ps_id: 3, proc_type: 356, msg_type: 0
(2017-12-14 22:35:50 周四) Info:  MS: session_layer:rcv_lower_thread,msg_name: , ss_id: 10000, ps_id: 3, proc_type: 356, msg_type: 0
(2017-12-14 22:35:50 周四) Info:  MS: client_proxy:rcv_lower_thread,msg_name: , ss_id: 10000, ps_id: 3, proc_type: 356, msg_type: 0
(2017-12-14 22:36:36 周四) Info:  MS: session_layer:rcv_lower_thread,msg_name: , ss_id: 10000, ps_id: 3, proc_type: 356, msg_type: 0
(2017-12-14 22:36:36 周四) Info:  MS: client_proxy:rcv_lower_thread,msg_name: , ss_id: 10000, ps_id: 3, proc_type: 356, msg_type: 0
(2017-12-14 22:36:52 周四) Info:  MS: session_layer:rcv_lower_thread,msg_name: , ss_id: 10000, ps_id: 3, proc_type: 356, msg_type: 0
(2017-12-14 22:36:52 周四) Info:  MS: client_proxy:rcv_lower_thread,msg_name: , ss_id: 10000, ps_id: 3, proc_type: 356, msg_type: 0
(2017-12-14 22:36:52 周四) Info:  MS: session_layer:rcv_lower_thread,msg_name: , ss_id: 10000, ps_id: 3, proc_type: 356, msg_type: 0
(2017-12-14 22:36:52 周四) Info:  MS: client_proxy:rcv_lower_thread,msg_name: , ss_id: 10000, ps_id: 3, proc_type: 356, msg_type: 0
(2017-12-14 22:40:19 周四) Info:  MS: session_layer:rcv_lower_thread,msg_name: login, ss_id: 10000, ps_id: 4, proc_type: 1048576, msg_type: 1
(2017-12-14 22:40:19 周四) Info:  MS: session_layer:rcv_lower_thread,msg_name: dev_type_id_data, ss_id: 10000, ps_id: 4, proc_type: 257, msg_type: 2
(2017-12-14 22:40:27 周四) Info:  MS: session_layer:rcv_lower_thread,msg_name: dev_type_id_data, ss_id: 10000, ps_id: 4, proc_type: 257, msg_type: 2
(2017-12-14 22:40:39 周四) Info:  MS: session_layer:rcv_lower_thread,msg_name: UnionSimConfParam, ss_id: 10000, ps_id: 4, proc_type: 261, msg_type: 2
(2017-12-14 22:41:01 周四) Info:  MS: session_layer:rcv_lower_thread,msg_name: , ss_id: 10000, ps_id: 4, proc_type: 356, msg_type: 0
(2017-12-14 22:41:01 周四) Info:  MS: client_proxy:rcv_lower_thread,msg_name: , ss_id: 10000, ps_id: 4, proc_type: 356, msg_type: 0
(2017-12-14 22:45:36 周四) Info:  MS: session_layer:rcv_lower_thread,msg_name: login, ss_id: 10000, ps_id: 4, proc_type: 1048576, msg_type: 1
(2017-12-14 22:45:36 周四) Info:  MS: session_layer:rcv_lower_thread,msg_name: dev_type_id_data, ss_id: 10000, ps_id: 4, proc_type: 257, msg_type: 2
(2017-12-14 22:45:36 周四) Info:  MS: session_layer:rcv_lower_thread,msg_name: login, ss_id: 10000, ps_id: 5, proc_type: 1048576, msg_type: 1
(2017-12-14 22:45:36 周四) Info:  MS: session_layer:rcv_lower_thread,msg_name: dev_type_id_data, ss_id: 10000, ps_id: 5, proc_type: 257, msg_type: 2
(2017-12-14 22:46:00 周四) Info:  MS: session_layer:rcv_lower_thread,msg_name: dev_type_id_data, ss_id: 10000, ps_id: 5, proc_type: 257, msg_type: 2
(2017-12-14 22:46:15 周四) Info:  MS: session_layer:rcv_lower_thread,msg_name: UnionSimConfParam, ss_id: 10000, ps_id: 5, proc_type: 261, msg_type: 2
(2017-12-14 22:46:31 周四) Info:  MS: session_layer:rcv_lower_thread,msg_name: , ss_id: 10000, ps_id: 5, proc_type: 356, msg_type: 0
(2017-12-14 22:46:31 周四) Info:  MS: client_proxy:rcv_lower_thread,msg_name: , ss_id: 10000, ps_id: 5, proc_type: 356, msg_type: 0
(2017-12-14 22:50:31 周四) Info:  MS: session_layer:rcv_lower_thread,msg_name: login, ss_id: 10000, ps_id: 3, proc_type: 1048576, msg_type: 1
(2017-12-14 22:50:31 周四) Info:  MS: session_layer:rcv_lower_thread,msg_name: dev_type_id_data, ss_id: 10000, ps_id: 3, proc_type: 257, msg_type: 2
(2017-12-14 22:50:40 周四) Info:  MS: session_layer:rcv_lower_thread,msg_name: dev_type_id_data, ss_id: 10000, ps_id: 3, proc_type: 257, msg_type: 2
(2017-12-14 22:50:55 周四) Info:  MS: session_layer:rcv_lower_thread,msg_name: UnionSimConfParam, ss_id: 10000, ps_id: 3, proc_type: 261, msg_type: 2
(2017-12-14 22:50:55 周四) Info:  MS: session_layer:rcv_lower_thread,msg_name: UnionSimConfParam, ss_id: 10000, ps_id: 3, proc_type: 261, msg_type: 2
(2017-12-14 22:51:10 周四) Info:  MS: session_layer:rcv_lower_thread,msg_name: , ss_id: 10000, ps_id: 3, proc_type: 356, msg_type: 0
(2017-12-14 22:51:10 周四) Info:  MS: client_proxy:rcv_lower_thread,msg_name: , ss_id: 10000, ps_id: 3, proc_type: 356, msg_type: 0
(2017-12-14 23:22:53 周四) Info:  MS: session_layer:rcv_lower_thread,msg_name: login, ss_id: 10000, ps_id: 4, proc_type: 1048576, msg_type: 1
(2017-12-14 23:22:53 周四) Info:  MS: session_layer:rcv_lower_thread,msg_name: dev_type_id_data, ss_id: 10000, ps_id: 5, proc_type: 257, msg_type: 2
(2017-12-14 23:22:53 周四) Info:  MS: session_layer:rcv_lower_thread,msg_name: login, ss_id: 10000, ps_id: 5, proc_type: 1048576, msg_type: 1
(2017-12-14 23:22:53 周四) Info:  MS: session_layer:rcv_lower_thread,msg_name: dev_type_id_data, ss_id: 10000, ps_id: 5, proc_type: 257, msg_type: 2
(2017-12-14 23:22:55 周四) Info:  MS: session_layer:rcv_lower_thread,msg_name: login, ss_id: 10000, ps_id: 6, proc_type: 1048576, msg_type: 1
(2017-12-14 23:22:55 周四) Info:  MS: session_layer:rcv_lower_thread,msg_name: dev_type_id_data, ss_id: 10000, ps_id: 6, proc_type: 257, msg_type: 2
(2017-12-14 23:22:55 周四) Info:  MS: session_layer:rcv_lower_thread,msg_name: dev_type_id_data, ss_id: 10000, ps_id: 6, proc_type: 257, msg_type: 2
(2017-12-14 23:23:07 周四) Info:  MS: session_layer:rcv_lower_thread,msg_name: UnionSimConfParam, ss_id: 10000, ps_id: 6, proc_type: 261, msg_type: 2
(2017-12-14 23:23:24 周四) Info:  MS: session_layer:rcv_lower_thread,msg_name: , ss_id: 10000, ps_id: 6, proc_type: 356, msg_type: 0
(2017-12-14 23:23:24 周四) Info:  MS: client_proxy:rcv_lower_thread,msg_name: , ss_id: 10000, ps_id: 6, proc_type: 356, msg_type: 0
(2017-12-14 23:32:14 周四) Info:  MS: session_layer:rcv_lower_thread,msg_name: login, ss_id: 10000, ps_id: 4, proc_type: 1048576, msg_type: 1
(2017-12-14 23:32:14 周四) Info:  MS: session_layer:rcv_lower_thread,msg_name: dev_type_id_data, ss_id: 10000, ps_id: 4, proc_type: 257, msg_type: 2
(2017-12-14 23:32:20 周四) Info:  MS: session_layer:rcv_lower_thread,msg_name: dev_type_id_data, ss_id: 10000, ps_id: 4, proc_type: 257, msg_type: 2
(2017-12-14 23:32:32 周四) Info:  MS: session_layer:rcv_lower_thread,msg_name: UnionSimConfParam, ss_id: 10000, ps_id: 4, proc_type: 261, msg_type: 2
(2017-12-14 23:32:50 周四) Info:  MS: session_layer:rcv_lower_thread,msg_name: , ss_id: 10000, ps_id: 4, proc_type: 356, msg_type: 0
(2017-12-14 23:32:50 周四) Info:  MS: client_proxy:rcv_lower_thread,msg_name: , ss_id: 10000, ps_id: 4, proc_type: 356, msg_type: 0
(2017-12-14 23:33:43 周四) Info:  MS: session_layer:rcv_lower_thread,msg_name: start session, ss_id: 2, ps_id: 4, proc_type: 1048578, msg_type: 0
(2017-12-14 23:33:43 周四) Info:  MS: client_proxy:rcv_lower_thread,msg_name: start session, ss_id: 2, ps_id: 4, proc_type: 1048578, msg_type: 0
(2017-12-14 23:33:44 周四) Info:  MS: session_layer:rcv_lower_thread,msg_name: application request, ss_id: 2, ps_id: 4, proc_type: 65536, msg_type: 0
(2017-12-14 23:33:44 周四) Info:  MS: client_proxy:rcv_lower_thread,msg_name: application request, ss_id: 2, ps_id: 4, proc_type: 65536, msg_type: 0
(2017-12-14 23:33:44 周四) Info:  MS: session_layer:rcv_lower_thread,msg_name: send data, ss_id: 2, ps_id: 4, proc_type: 65537, msg_type: 0
(2017-12-14 23:33:44 周四) Info:  MS: client_proxy:rcv_lower_thread,msg_name: send data, ss_id: 2, ps_id: 4, proc_type: 65537, msg_type: 0
(2017-12-14 23:33:45 周四) Info:  MS: session_layer:rcv_lower_thread,msg_name: invoke, ss_id: 2, ps_id: 4, proc_type: 65538, msg_type: 0
(2017-12-14 23:33:45 周四) Info:  MS: client_proxy:rcv_lower_thread,msg_name: invoke, ss_id: 2, ps_id: 4, proc_type: 65538, msg_type: 0
(2017-12-14 23:33:47 周四) Info:  MS: session_layer:rcv_lower_thread,msg_name: end session, ss_id: 2, ps_id: 4, proc_type: 1048579, msg_type: 0
(2017-12-14 23:33:47 周四) Info:  MS: client_proxy:rcv_lower_thread,msg_name: end session, ss_id: 2, ps_id: 4, proc_type: 1048579, msg_type: 0
(2017-12-14 23:34:47 周四) Info:  MS: session_layer:rcv_lower_thread,msg_name: start session, ss_id: 2, ps_id: 4, proc_type: 1048578, msg_type: 0
(2017-12-14 23:34:47 周四) Info:  MS: client_proxy:rcv_lower_thread,msg_name: start session, ss_id: 2, ps_id: 4, proc_type: 1048578, msg_type: 0
(2017-12-14 23:34:48 周四) Info:  MS: session_layer:rcv_lower_thread,msg_name: application request, ss_id: 2, ps_id: 4, proc_type: 65536, msg_type: 0
(2017-12-14 23:34:48 周四) Info:  MS: client_proxy:rcv_lower_thread,msg_name: application request, ss_id: 2, ps_id: 4, proc_type: 65536, msg_type: 0
(2017-12-14 23:34:49 周四) Info:  MS: session_layer:rcv_lower_thread,msg_name: send data, ss_id: 2, ps_id: 4, proc_type: 65537, msg_type: 0
(2017-12-14 23:34:49 周四) Info:  MS: client_proxy:rcv_lower_thread,msg_name: send data, ss_id: 2, ps_id: 4, proc_type: 65537, msg_type: 0
(2017-12-14 23:34:50 周四) Info:  MS: session_layer:rcv_lower_thread,msg_name: invoke, ss_id: 2, ps_id: 4, proc_type: 65538, msg_type: 0
(2017-12-14 23:34:50 周四) Info:  MS: client_proxy:rcv_lower_thread,msg_name: invoke, ss_id: 2, ps_id: 4, proc_type: 65538, msg_type: 0
(2017-12-14 23:34:52 周四) Info:  MS: session_layer:rcv_lower_thread,msg_name: end session, ss_id: 2, ps_id: 4, proc_type: 1048579, msg_type: 0
(2017-12-14 23:34:52 周四) Info:  MS: client_proxy:rcv_lower_thread,msg_name: end session, ss_id: 2, ps_id: 4, proc_type: 1048579, msg_type: 0
