(2017-12-14 21:00:24 周四) Info:  MS: session_layer:rcv_lower_thread,msg_name: login, ss_id: 10000, ps_id: 4, proc_type: 1048576, msg_type: 1
(2017-12-14 21:00:24 周四) Info:  MS: session_layer:rcv_lower_thread,msg_name: dev_type_id_data, ss_id: 10000, ps_id: 4, proc_type: 257, msg_type: 2
(2017-12-14 21:15:07 周四) Info:  MS: session_layer:rcv_lower_thread,msg_name: login, ss_id: 10000, ps_id: 5, proc_type: 1048576, msg_type: 1
(2017-12-14 21:15:07 周四) Info:  MS: session_layer:rcv_lower_thread,msg_name: dev_type_id_data, ss_id: 10000, ps_id: 5, proc_type: 257, msg_type: 2
(2017-12-14 21:23:21 周四) Info:  MS: session_layer:rcv_lower_thread,msg_name: login, ss_id: 10000, ps_id: 4, proc_type: 1048576, msg_type: 1
(2017-12-14 21:23:21 周四) Info:  MS: session_layer:rcv_lower_thread,msg_name: dev_type_id_data, ss_id: 10000, ps_id: 4, proc_type: 257, msg_type: 2
(2017-12-14 21:25:30 周四) Info:  MS: session_layer:rcv_lower_thread,msg_name: tips: logout, ss_id: 10000, ps_id: 4, proc_type: 1048577, msg_type: 2
(2017-12-14 21:25:32 周四) Info:  MS: session_layer:rcv_lower_thread,msg_name: tips: logout, ss_id: 10000, ps_id: 4, proc_type: 1048577, msg_type: 2
(2017-12-14 21:25:54 周四) Info:  MS: session_layer:rcv_lower_thread,msg_name: logout, ss_id: 10000, ps_id: 4, proc_type: 1048577, msg_type: 1
(2017-12-14 21:26:47 周四) Info:  MS: session_layer:rcv_lower_thread,msg_name: login, ss_id: 10000, ps_id: 4, proc_type: 1048576, msg_type: 1
(2017-12-14 21:26:47 周四) Info:  MS: session_layer:rcv_lower_thread,msg_name: dev_type_id_data, ss_id: 10000, ps_id: 4, proc_type: 257, msg_type: 2
(2017-12-14 21:27:34 周四) Info:  MS: session_layer:rcv_lower_thread,msg_name: tips: logout, ss_id: 10000, ps_id: 4, proc_type: 1048577, msg_type: 2
(2017-12-14 21:27:37 周四) Info:  MS: session_layer:rcv_lower_thread,msg_name: tips: logout, ss_id: 10000, ps_id: 4, proc_type: 1048577, msg_type: 2
(2017-12-14 21:37:46 周四) Info:  MS: session_layer:rcv_lower_thread,msg_name: login, ss_id: 10000, ps_id: 4, proc_type: 1048576, msg_type: 1
(2017-12-14 21:37:46 周四) Info:  MS: session_layer:rcv_lower_thread,msg_name: dev_type_id_data, ss_id: 10000, ps_id: 4, proc_type: 257, msg_type: 2
(2017-12-14 21:45:29 周四) Info:  MS: session_layer:rcv_lower_thread,msg_name: tips: logout, ss_id: 10000, ps_id: 4, proc_type: 1048577, msg_type: 2
(2017-12-14 21:45:34 周四) Info:  MS: session_layer:rcv_lower_thread,msg_name: logout, ss_id: 10000, ps_id: 4, proc_type: 1048577, msg_type: 1
(2017-12-14 21:50:20 周四) Info:  MS: session_layer:rcv_lower_thread,msg_name: login, ss_id: 10000, ps_id: 6, proc_type: 1048576, msg_type: 1
(2017-12-14 21:50:20 周四) Info:  MS: session_layer:rcv_lower_thread,msg_name: dev_type_id_data, ss_id: 10000, ps_id: 6, proc_type: 257, msg_type: 2
(2017-12-14 21:56:24 周四) Info:  MS: session_layer:rcv_lower_thread,msg_name: tips: logout, ss_id: 10000, ps_id: 6, proc_type: 1048577, msg_type: 2
(2017-12-14 21:56:27 周四) Info:  MS: session_layer:rcv_lower_thread,msg_name: tips: logout, ss_id: 10000, ps_id: 6, proc_type: 1048577, msg_type: 2
(2017-12-14 21:56:53 周四) Info:  MS: session_layer:rcv_lower_thread,msg_name: logout, ss_id: 10000, ps_id: 6, proc_type: 1048577, msg_type: 1
(2017-12-14 22:01:11 周四) Info:  MS: session_layer:rcv_lower_thread,msg_name: login, ss_id: 10000, ps_id: 5, proc_type: 1048576, msg_type: 1
(2017-12-14 22:01:11 周四) Info:  MS: session_layer:rcv_lower_thread,msg_name: dev_type_id_data, ss_id: 10000, ps_id: 5, proc_type: 257, msg_type: 2
(2017-12-14 22:04:34 周四) Info:  MS: session_layer:rcv_lower_thread,msg_name: logout, ss_id: 10000, ps_id: 5, proc_type: 1048577, msg_type: 1
(2017-12-14 22:09:14 周四) Info:  MS: session_layer:rcv_lower_thread,msg_name: login, ss_id: 10000, ps_id: 6, proc_type: 1048576, msg_type: 1
(2017-12-14 22:09:14 周四) Info:  MS: session_layer:rcv_lower_thread,msg_name: dev_type_id_data, ss_id: 10000, ps_id: 6, proc_type: 257, msg_type: 2
(2017-12-14 22:18:04 周四) Info:  MS: session_layer:rcv_lower_thread,msg_name: tips: logout, ss_id: 10000, ps_id: 6, proc_type: 1048577, msg_type: 2
(2017-12-14 22:27:50 周四) Info:  MS: session_layer:rcv_lower_thread,msg_name: login, ss_id: 10000, ps_id: 5, proc_type: 1048576, msg_type: 1
(2017-12-14 22:27:50 周四) Info:  MS: session_layer:rcv_lower_thread,msg_name: dev_type_id_data, ss_id: 10000, ps_id: 5, proc_type: 257, msg_type: 2
(2017-12-14 22:27:50 周四) Info:  MS: session_layer:rcv_lower_thread,msg_name: login, ss_id: 10000, ps_id: 6, proc_type: 1048576, msg_type: 1
(2017-12-14 22:27:50 周四) Info:  MS: session_layer:rcv_lower_thread,msg_name: dev_type_id_data, ss_id: 10000, ps_id: 6, proc_type: 257, msg_type: 2
(2017-12-14 22:35:05 周四) Info:  MS: session_layer:rcv_lower_thread,msg_name: login, ss_id: 10000, ps_id: 4, proc_type: 1048576, msg_type: 1
(2017-12-14 22:35:05 周四) Info:  MS: session_layer:rcv_lower_thread,msg_name: dev_type_id_data, ss_id: 10000, ps_id: 4, proc_type: 257, msg_type: 2
(2017-12-14 22:40:27 周四) Info:  MS: session_layer:rcv_lower_thread,msg_name: login, ss_id: 10000, ps_id: 5, proc_type: 1048576, msg_type: 1
(2017-12-14 22:40:27 周四) Info:  MS: session_layer:rcv_lower_thread,msg_name: dev_type_id_data, ss_id: 10000, ps_id: 5, proc_type: 257, msg_type: 2
(2017-12-14 22:41:37 周四) Info:  MS: session_layer:rcv_lower_thread,msg_name: logout, ss_id: 10000, ps_id: 5, proc_type: 1048577, msg_type: 1
(2017-12-14 22:46:00 周四) Info:  MS: session_layer:rcv_lower_thread,msg_name: login, ss_id: 10000, ps_id: 6, proc_type: 1048576, msg_type: 1
(2017-12-14 22:46:00 周四) Info:  MS: session_layer:rcv_lower_thread,msg_name: dev_type_id_data, ss_id: 10000, ps_id: 6, proc_type: 257, msg_type: 2
(2017-12-14 22:46:42 周四) Info:  MS: session_layer:rcv_lower_thread,msg_name: tips: logout, ss_id: 10000, ps_id: 6, proc_type: 1048577, msg_type: 2
(2017-12-14 22:46:46 周四) Info:  MS: session_layer:rcv_lower_thread,msg_name: tips: logout, ss_id: 10000, ps_id: 6, proc_type: 1048577, msg_type: 2
(2017-12-14 22:50:40 周四) Info:  MS: session_layer:rcv_lower_thread,msg_name: login, ss_id: 10000, ps_id: 4, proc_type: 1048576, msg_type: 1
(2017-12-14 22:50:40 周四) Info:  MS: session_layer:rcv_lower_thread,msg_name: dev_type_id_data, ss_id: 10000, ps_id: 4, proc_type: 257, msg_type: 2
(2017-12-14 22:54:41 周四) Info:  MS: session_layer:rcv_lower_thread,msg_name: tips: logout, ss_id: 10000, ps_id: 4, proc_type: 1048577, msg_type: 2
(2017-12-14 22:54:44 周四) Info:  MS: session_layer:rcv_lower_thread,msg_name: tips: logout, ss_id: 10000, ps_id: 4, proc_type: 1048577, msg_type: 2
(2017-12-14 23:22:55 周四) Info:  MS: session_layer:rcv_lower_thread,msg_name: login, ss_id: 10000, ps_id: 7, proc_type: 1048576, msg_type: 1
(2017-12-14 23:22:55 周四) Info:  MS: session_layer:rcv_lower_thread,msg_name: dev_type_id_data, ss_id: 10000, ps_id: 7, proc_type: 257, msg_type: 2
(2017-12-14 23:25:22 周四) Info:  MS: session_layer:rcv_lower_thread,msg_name: tips: logout, ss_id: 10000, ps_id: 7, proc_type: 1048577, msg_type: 2
(2017-12-14 23:25:26 周四) Info:  MS: session_layer:rcv_lower_thread,msg_name: tips: logout, ss_id: 10000, ps_id: 7, proc_type: 1048577, msg_type: 2
(2017-12-14 23:32:20 周四) Info:  MS: session_layer:rcv_lower_thread,msg_name: login, ss_id: 10000, ps_id: 5, proc_type: 1048576, msg_type: 1
(2017-12-14 23:32:20 周四) Info:  MS: session_layer:rcv_lower_thread,msg_name: dev_type_id_data, ss_id: 10000, ps_id: 5, proc_type: 257, msg_type: 2
(2017-12-15 23:26:14 周五) Info:  session_layer:rcv_lower_thread,msg_name: login, ss_id: 10000, ps_id: 1, proc_type: 1048576, msg_type: 1
(2017-12-15 23:26:14 周五) Info:  session_layer:rcv_lower_thread,msg_name: dev_type_id_data, ss_id: 10000, ps_id: 1, proc_type: 257, msg_type: 2
(2017-12-15 23:26:24 周五) Info:  session_layer:rcv_lower_thread,msg_name: dev_type_id_data, ss_id: 10000, ps_id: 1, proc_type: 257, msg_type: 2
(2017-12-15 23:26:47 周五) Info:  session_layer:rcv_lower_thread,msg_name: tips: logout, ss_id: 10000, ps_id: 1, proc_type: 1048577, msg_type: 2
(2017-12-15 23:29:27 周五) Info:  session_layer:rcv_lower_thread,msg_name: login, ss_id: 10000, ps_id: 2, proc_type: 1048576, msg_type: 1
(2017-12-15 23:29:27 周五) Info:  session_layer:rcv_lower_thread,msg_name: dev_type_id_data, ss_id: 10000, ps_id: 2, proc_type: 257, msg_type: 2
(2017-12-15 23:31:10 周五) Info:  session_layer:rcv_lower_thread,msg_name: dev_type_id_data, ss_id: 10000, ps_id: 2, proc_type: 257, msg_type: 2
(2017-12-15 23:34:16 周五) Info:  session_layer:rcv_lower_thread,msg_name: dev_type_id_data, ss_id: 10000, ps_id: 2, proc_type: 257, msg_type: 2
(2017-12-15 23:38:00 周五) Info:  session_layer:rcv_lower_thread,msg_name: login, ss_id: 10000, ps_id: 1, proc_type: 1048576, msg_type: 1
(2017-12-15 23:38:00 周五) Info:  session_layer:rcv_lower_thread,msg_name: dev_type_id_data, ss_id: 10000, ps_id: 2, proc_type: 257, msg_type: 2
(2017-12-15 23:38:00 周五) Info:  session_layer:rcv_lower_thread,msg_name: login, ss_id: 10000, ps_id: 2, proc_type: 1048576, msg_type: 1
(2017-12-15 23:38:00 周五) Info:  session_layer:rcv_lower_thread,msg_name: dev_type_id_data, ss_id: 10000, ps_id: 2, proc_type: 257, msg_type: 2
(2017-12-15 23:38:27 周五) Info:  session_layer:rcv_lower_thread,msg_name: dev_type_id_data, ss_id: 10000, ps_id: 2, proc_type: 257, msg_type: 2
(2017-12-15 23:38:28 周五) Info:  session_layer:rcv_lower_thread,msg_name: dev_type_id_data, ss_id: 10000, ps_id: 2, proc_type: 257, msg_type: 2
(2017-12-15 23:41:08 周五) Info:  session_layer:rcv_lower_thread,msg_name: dev_type_id_data, ss_id: 10000, ps_id: 2, proc_type: 257, msg_type: 2
(2017-12-15 23:46:09 周五) Info:  session_layer:rcv_lower_thread,msg_name: login, ss_id: 10000, ps_id: 1, proc_type: 1048576, msg_type: 1
(2017-12-15 23:46:09 周五) Info:  session_layer:rcv_lower_thread,msg_name: dev_type_id_data, ss_id: 10000, ps_id: 1, proc_type: 257, msg_type: 2
(2017-12-15 23:46:17 周五) Info:  session_layer:rcv_lower_thread,msg_name: dev_type_id_data, ss_id: 10000, ps_id: 1, proc_type: 257, msg_type: 2
